<?xml version="1.0" encoding="UTF-8"?>
<testsuite name="GitLab2.AppTest" tests="1" skipped="0" failures="0" errors="0" timestamp="2021-11-10T05:22:52" hostname="sol.cs.odu.edu" time="0.003">
  <properties/>
  <testcase name="testAppHasAGreeting" classname="GitLab2.AppTest" time="0.003"/>
  <system-out><![CDATA[]]></system-out>
  <system-err><![CDATA[]]></system-err>
</testsuite>
